Epoch 1/10
1875/1875 [==============================] - 5s 2ms/step - loss: 3.0264 - accuracy: 0.6912   
Epoch 2/10
1875/1875 [==============================] - 3s 2ms/step - loss: 0.7280 - accuracy: 0.7415
Epoch 3/10
1875/1875 [==============================] - 3s 2ms/step - loss: 0.6255 - accuracy: 0.7771
Epoch 4/10
1875/1875 [==============================] - 3s 2ms/step - loss: 0.5850 - accuracy: 0.7910
Epoch 5/10
1875/1875 [==============================] - 3s 2ms/step - loss: 0.5583 - accuracy: 0.8020
Epoch 6/10
1875/1875 [==============================] - 3s 2ms/step - loss: 0.5215 - accuracy: 0.8264
Epoch 7/10
1875/1875 [==============================] - 3s 2ms/step - loss: 0.5018 - accuracy: 0.8320
Epoch 8/10
1875/1875 [==============================] - 3s 2ms/step - loss: 0.4932 - accuracy: 0.8355
Epoch 9/10
1875/1875 [==============================] - 3s 2ms/step - loss: 0.4910 - accuracy: 0.8372
Epoch 10/10
1875/1875 [==============================] - 3s 2ms/step - loss: 0.4817 - accuracy: 0.8399

313/313 - 0s - loss: 0.5144 - accuracy: 0.8357 - 497ms/epoch - 2ms/step
Test Accuracy:  0.8356999754905701

*************************************************
Please input # of the image to test [0-10000): 1000
You have chosen Image #1000
1/1 [==============================] - 0s 52ms/step
Model is most confident that Image0 is Shirt, and here is the test label T-shirt/top

*************************************************
Please input # of the image to test [0-10000): 500
You have chosen Image #500
1/1 [==============================] - 0s 15ms/step
Model is most confident that Image0 is Pullover, and here is the test label Pullover

*************************************************
Please input # of the image to test [0-10000): 5001
You have chosen Image #5001
1/1 [==============================] - 0s 14ms/step
Model is most confident that Image0 is Dress, and here is the test label Dress

*************************************************
Please input # of the image to test [0-10000): 9999
You have chosen Image #9999
1/1 [==============================] - 0s 16ms/step
Model is most confident that Image0 is Sandal, and here is the test label Sandal

*************************************************
Please input # of the image to test [0-10000): 10000
Quiting...